2020-04-28 18:06:43 INFO  InitListener:39 - Server started.
2020-04-28 18:06:46 INFO  ScriptRunner:27 - Database initiating started...
2020-04-28 18:06:46 INFO  ScriptRunner:49 - Executing: DROP TABLE IF EXISTS `device`;

2020-04-28 18:06:47 INFO  ScriptRunner:49 - Executing: 
DROP TABLE IF EXISTS `user`;

2020-04-28 18:06:47 INFO  ScriptRunner:49 - Executing: 
DROP TABLE IF EXISTS `role`;

2020-04-28 18:06:47 INFO  ScriptRunner:49 - Executing: 
CREATE TABLE `role` (
  `role_id` int(11) NOT NULL,
  `role_name` varchar(10) NOT NULL,
  PRIMARY KEY (`role_id`),
  UNIQUE KEY `role_name` (`role_name`)
) ENGINE=InnoDB DEFAULT CHARSET=latin1;

2020-04-28 18:06:48 INFO  ScriptRunner:49 - Executing: 
INSERT INTO `role` (`role_id`, `role_name`) VALUES
(0, 'admin'),
(1, 'client'),
(2, 'moderator');

2020-04-28 18:06:48 INFO  ScriptRunner:49 - Executing: 
CREATE TABLE `user` (
  `user_id` bigint(11) NOT NULL AUTO_INCREMENT,
  `login` varchar(10) DEFAULT NULL,
  `password` varchar(150) DEFAULT NULL,
  `first_name` varchar(20) DEFAULT NULL,
  `last_name` varchar(20) DEFAULT NULL,
  `role_id` int(11) DEFAULT NULL,
  `picture` varchar(1200) DEFAULT NULL,
  `email` varchar(50) DEFAULT NULL,
  FOREIGN KEY (`role_id`) REFERENCES `role` (`role_id`) ON DELETE CASCADE,
  PRIMARY KEY (`user_id`),
  UNIQUE KEY `login` (`login`)
) ENGINE=InnoDB DEFAULT CHARSET=UTF8;

2020-04-28 18:06:48 INFO  ScriptRunner:49 - Executing: 
INSERT INTO `user` (`login`, `password`, `first_name`, `last_name`, `role_id`, `picture`, `email`) VALUES
('admin', '3ca9c4ab77a2deec98db4cf0803bee0ce2ccef10c1b0f872221f8e64da95f21632e263d0c8d5f15fe20daec58fb43a41ec13230abe2a12129d8ac43e15bc8734', 'Ivan', 'Ivanov', 0, NULL, 'vladbogun@gmail.com'),
('user1', '3ca9c4ab77a2deec98db4cf0803bee0ce2ccef10c1b0f872221f8e64da95f21632e263d0c8d5f15fe20daec58fb43a41ec13230abe2a12129d8ac43e15bc8734', 'Petr', 'Petrov', 1, NULL, 'vladbogun@gmail.com'),
('user2', '3ca9c4ab77a2deec98db4cf0803bee0ce2ccef10c1b0f872221f8e64da95f21632e263d0c8d5f15fe20daec58fb43a41ec13230abe2a12129d8ac43e15bc8734', 'Вячеслав', 'Соколов', 1, NULL, 'vladbogun@gmail.com'),
('user3', '3ca9c4ab77a2deec98db4cf0803bee0ce2ccef10c1b0f872221f8e64da95f21632e263d0c8d5f15fe20daec58fb43a41ec13230abe2a12129d8ac43e15bc8734', 'Светлана', 'Казакова', 1, NULL, 'vladbogun@gmail.com'),
('user4', '3ca9c4ab77a2deec98db4cf0803bee0ce2ccef10c1b0f872221f8e64da95f21632e263d0c8d5f15fe20daec58fb43a41ec13230abe2a12129d8ac43e15bc8734', 'Светлана', 'Казакова', 1, NULL, 'vladbogun@gmail.com'),
('user5', '3ca9c4ab77a2deec98db4cf0803bee0ce2ccef10c1b0f872221f8e64da95f21632e263d0c8d5f15fe20daec58fb43a41ec13230abe2a12129d8ac43e15bc8734', 'Карл', 'Шафранек', 1, NULL, 'vladbogun@gmail.com');

2020-04-28 18:06:49 INFO  ScriptRunner:49 - Executing: 
CREATE TABLE `device` (
  `device_id` bigint(12) ZEROFILL NOT NULL AUTO_INCREMENT,
  `phone` varchar(10) DEFAULT NULL,
  `temperature` int(10) DEFAULT NULL,
  `humidity` int(10) DEFAULT NULL,
  `last_date_time` DATETIME DEFAULT NULL,
  `user_id` bigint(11) NOT NULL,
  FOREIGN KEY (`user_id`) REFERENCES `user` (`user_id`) ON DELETE CASCADE,
  PRIMARY KEY (`device_id`)
) ENGINE=InnoDB DEFAULT CHARSET=UTF8;

2020-04-28 18:06:49 INFO  ScriptRunner:49 - Executing: 
INSERT INTO `device` (`user_id`) VALUES
(2),
(2),
(3),
(4),
(5),
(6),
(6),
(3),
(3),
(3),
(3);

2020-04-28 18:06:49 INFO  ScriptRunner:64 - Database initiating finished.
2020-04-28 18:06:52 INFO  LoginArduinoServlet:53 - Arduino loggined, user:  null
2020-04-28 18:07:13 INFO  LoginArduinoServlet:53 - Arduino loggined, user:  null
2020-04-28 19:06:04 INFO  LoginArduinoServlet:53 - Arduino loggined, user:  {"roleId":1,"login":"user1","password":"3ca9c4ab77a2deec98db4cf0803bee0ce2ccef10c1b0f872221f8e64da95f21632e263d0c8d5f15fe20daec58fb43a41ec13230abe2a12129d8ac43e15bc8734","firstName":"Petr","lastName":"Petrov","email":"vladbogun@gmail.com","id":2}
2020-04-28 21:21:44 INFO  LoginArduinoServlet:52 - Arduino loggined, user:  {"roleId":1,"login":"user1","password":"3ca9c4ab77a2deec98db4cf0803bee0ce2ccef10c1b0f872221f8e64da95f21632e263d0c8d5f15fe20daec58fb43a41ec13230abe2a12129d8ac43e15bc8734","firstName":"Petr","lastName":"Petrov","email":"vladbogun@gmail.com","id":2}
2020-04-28 21:22:03 ERROR DeviceDBManager:146 - Error in updating device phone
com.mysql.cj.jdbc.exceptions.MysqlDataTruncation: Data truncation: Data too long for column 'phone' at row 1
	at com.mysql.cj.jdbc.exceptions.SQLExceptionsMapping.translateException(SQLExceptionsMapping.java:104)
	at com.mysql.cj.jdbc.ClientPreparedStatement.executeInternal(ClientPreparedStatement.java:953)
	at com.mysql.cj.jdbc.ClientPreparedStatement.execute(ClientPreparedStatement.java:370)
	at main.java.ua.nure.bogun.apiproject.database.DeviceDBManager.updatePhone(DeviceDBManager.java:142)
	at main.java.ua.nure.bogun.apiproject.service.databaseservice.DeviceService.updatePhone(DeviceService.java:58)
	at main.java.ua.nure.bogun.apiproject.servlet.arduino.DeviceArduinoServlet.switchConditions(DeviceArduinoServlet.java:101)
	at main.java.ua.nure.bogun.apiproject.servlet.arduino.DeviceArduinoServlet.readCommand(DeviceArduinoServlet.java:61)
	at main.java.ua.nure.bogun.apiproject.servlet.arduino.DeviceArduinoServlet.doGet(DeviceArduinoServlet.java:37)
	at javax.servlet.http.HttpServlet.service(HttpServlet.java:634)
	at javax.servlet.http.HttpServlet.service(HttpServlet.java:741)
	at org.apache.catalina.core.ApplicationFilterChain.internalDoFilter(ApplicationFilterChain.java:231)
	at org.apache.catalina.core.ApplicationFilterChain.doFilter(ApplicationFilterChain.java:166)
	at org.apache.tomcat.websocket.server.WsFilter.doFilter(WsFilter.java:53)
	at org.apache.catalina.core.ApplicationFilterChain.internalDoFilter(ApplicationFilterChain.java:193)
	at org.apache.catalina.core.ApplicationFilterChain.doFilter(ApplicationFilterChain.java:166)
	at org.apache.catalina.core.ApplicationDispatcher.invoke(ApplicationDispatcher.java:712)
	at org.apache.catalina.core.ApplicationDispatcher.processRequest(ApplicationDispatcher.java:459)
	at org.apache.catalina.core.ApplicationDispatcher.doForward(ApplicationDispatcher.java:384)
	at org.apache.catalina.core.ApplicationDispatcher.forward(ApplicationDispatcher.java:312)
	at main.java.ua.nure.bogun.apiproject.servlet.arduino.LoginArduinoServlet.doGet(LoginArduinoServlet.java:53)
	at javax.servlet.http.HttpServlet.service(HttpServlet.java:634)
	at javax.servlet.http.HttpServlet.service(HttpServlet.java:741)
	at org.apache.catalina.core.ApplicationFilterChain.internalDoFilter(ApplicationFilterChain.java:231)
	at org.apache.catalina.core.ApplicationFilterChain.doFilter(ApplicationFilterChain.java:166)
	at org.apache.tomcat.websocket.server.WsFilter.doFilter(WsFilter.java:53)
	at org.apache.catalina.core.ApplicationFilterChain.internalDoFilter(ApplicationFilterChain.java:193)
	at org.apache.catalina.core.ApplicationFilterChain.doFilter(ApplicationFilterChain.java:166)
	at org.apache.catalina.core.StandardWrapperValve.invoke(StandardWrapperValve.java:202)
	at org.apache.catalina.core.StandardContextValve.invoke(StandardContextValve.java:96)
	at org.apache.catalina.authenticator.AuthenticatorBase.invoke(AuthenticatorBase.java:526)
	at org.apache.catalina.core.StandardHostValve.invoke(StandardHostValve.java:139)
	at org.apache.catalina.valves.ErrorReportValve.invoke(ErrorReportValve.java:92)
	at org.apache.catalina.valves.AbstractAccessLogValve.invoke(AbstractAccessLogValve.java:678)
	at org.apache.catalina.core.StandardEngineValve.invoke(StandardEngineValve.java:74)
	at org.apache.catalina.connector.CoyoteAdapter.service(CoyoteAdapter.java:343)
	at org.apache.coyote.http11.Http11Processor.service(Http11Processor.java:408)
	at org.apache.coyote.AbstractProcessorLight.process(AbstractProcessorLight.java:66)
	at org.apache.coyote.AbstractProtocol$ConnectionHandler.process(AbstractProtocol.java:861)
	at org.apache.tomcat.util.net.NioEndpoint$SocketProcessor.doRun(NioEndpoint.java:1579)
	at org.apache.tomcat.util.net.SocketProcessorBase.run(SocketProcessorBase.java:49)
	at java.util.concurrent.ThreadPoolExecutor.runWorker(ThreadPoolExecutor.java:1149)
	at java.util.concurrent.ThreadPoolExecutor$Worker.run(ThreadPoolExecutor.java:624)
	at org.apache.tomcat.util.threads.TaskThread$WrappingRunnable.run(TaskThread.java:61)
	at java.lang.Thread.run(Thread.java:748)
2020-04-28 21:22:03 ERROR DeviceService:61 - Error updatePhone: 
main.java.ua.nure.bogun.apiproject.database.DBException: Error in updating device phone
	at main.java.ua.nure.bogun.apiproject.database.DeviceDBManager.updatePhone(DeviceDBManager.java:147)
	at main.java.ua.nure.bogun.apiproject.service.databaseservice.DeviceService.updatePhone(DeviceService.java:58)
	at main.java.ua.nure.bogun.apiproject.servlet.arduino.DeviceArduinoServlet.switchConditions(DeviceArduinoServlet.java:101)
	at main.java.ua.nure.bogun.apiproject.servlet.arduino.DeviceArduinoServlet.readCommand(DeviceArduinoServlet.java:61)
	at main.java.ua.nure.bogun.apiproject.servlet.arduino.DeviceArduinoServlet.doGet(DeviceArduinoServlet.java:37)
	at javax.servlet.http.HttpServlet.service(HttpServlet.java:634)
	at javax.servlet.http.HttpServlet.service(HttpServlet.java:741)
	at org.apache.catalina.core.ApplicationFilterChain.internalDoFilter(ApplicationFilterChain.java:231)
	at org.apache.catalina.core.ApplicationFilterChain.doFilter(ApplicationFilterChain.java:166)
	at org.apache.tomcat.websocket.server.WsFilter.doFilter(WsFilter.java:53)
	at org.apache.catalina.core.ApplicationFilterChain.internalDoFilter(ApplicationFilterChain.java:193)
	at org.apache.catalina.core.ApplicationFilterChain.doFilter(ApplicationFilterChain.java:166)
	at org.apache.catalina.core.ApplicationDispatcher.invoke(ApplicationDispatcher.java:712)
	at org.apache.catalina.core.ApplicationDispatcher.processRequest(ApplicationDispatcher.java:459)
	at org.apache.catalina.core.ApplicationDispatcher.doForward(ApplicationDispatcher.java:384)
	at org.apache.catalina.core.ApplicationDispatcher.forward(ApplicationDispatcher.java:312)
	at main.java.ua.nure.bogun.apiproject.servlet.arduino.LoginArduinoServlet.doGet(LoginArduinoServlet.java:53)
	at javax.servlet.http.HttpServlet.service(HttpServlet.java:634)
	at javax.servlet.http.HttpServlet.service(HttpServlet.java:741)
	at org.apache.catalina.core.ApplicationFilterChain.internalDoFilter(ApplicationFilterChain.java:231)
	at org.apache.catalina.core.ApplicationFilterChain.doFilter(ApplicationFilterChain.java:166)
	at org.apache.tomcat.websocket.server.WsFilter.doFilter(WsFilter.java:53)
	at org.apache.catalina.core.ApplicationFilterChain.internalDoFilter(ApplicationFilterChain.java:193)
	at org.apache.catalina.core.ApplicationFilterChain.doFilter(ApplicationFilterChain.java:166)
	at org.apache.catalina.core.StandardWrapperValve.invoke(StandardWrapperValve.java:202)
	at org.apache.catalina.core.StandardContextValve.invoke(StandardContextValve.java:96)
	at org.apache.catalina.authenticator.AuthenticatorBase.invoke(AuthenticatorBase.java:526)
	at org.apache.catalina.core.StandardHostValve.invoke(StandardHostValve.java:139)
	at org.apache.catalina.valves.ErrorReportValve.invoke(ErrorReportValve.java:92)
	at org.apache.catalina.valves.AbstractAccessLogValve.invoke(AbstractAccessLogValve.java:678)
	at org.apache.catalina.core.StandardEngineValve.invoke(StandardEngineValve.java:74)
	at org.apache.catalina.connector.CoyoteAdapter.service(CoyoteAdapter.java:343)
	at org.apache.coyote.http11.Http11Processor.service(Http11Processor.java:408)
	at org.apache.coyote.AbstractProcessorLight.process(AbstractProcessorLight.java:66)
	at org.apache.coyote.AbstractProtocol$ConnectionHandler.process(AbstractProtocol.java:861)
	at org.apache.tomcat.util.net.NioEndpoint$SocketProcessor.doRun(NioEndpoint.java:1579)
	at org.apache.tomcat.util.net.SocketProcessorBase.run(SocketProcessorBase.java:49)
	at java.util.concurrent.ThreadPoolExecutor.runWorker(ThreadPoolExecutor.java:1149)
	at java.util.concurrent.ThreadPoolExecutor$Worker.run(ThreadPoolExecutor.java:624)
	at org.apache.tomcat.util.threads.TaskThread$WrappingRunnable.run(TaskThread.java:61)
	at java.lang.Thread.run(Thread.java:748)
Caused by: com.mysql.cj.jdbc.exceptions.MysqlDataTruncation: Data truncation: Data too long for column 'phone' at row 1
	at com.mysql.cj.jdbc.exceptions.SQLExceptionsMapping.translateException(SQLExceptionsMapping.java:104)
	at com.mysql.cj.jdbc.ClientPreparedStatement.executeInternal(ClientPreparedStatement.java:953)
	at com.mysql.cj.jdbc.ClientPreparedStatement.execute(ClientPreparedStatement.java:370)
	at main.java.ua.nure.bogun.apiproject.database.DeviceDBManager.updatePhone(DeviceDBManager.java:142)
	... 40 more
