2020-05-08 18:57:20 INFO  InitListener:39 - Server started.
2020-05-08 18:57:23 INFO  ScriptRunner:27 - Database initiating started...
2020-05-08 18:57:23 INFO  ScriptRunner:49 - Executing: DROP TABLE IF EXISTS `device`;

2020-05-08 18:57:23 INFO  ScriptRunner:49 - Executing: 
DROP TABLE IF EXISTS `user`;

2020-05-08 18:57:23 INFO  ScriptRunner:49 - Executing: 
DROP TABLE IF EXISTS `role`;

2020-05-08 18:57:24 INFO  ScriptRunner:49 - Executing: 
CREATE TABLE `role` (
  `role_id` int(11) NOT NULL,
  `role_name` varchar(10) NOT NULL,
  PRIMARY KEY (`role_id`),
  UNIQUE KEY `role_name` (`role_name`)
) ENGINE=InnoDB DEFAULT CHARSET=latin1;

2020-05-08 18:57:24 INFO  ScriptRunner:49 - Executing: 
INSERT INTO `role` (`role_id`, `role_name`) VALUES
(0, 'admin'),
(1, 'client'),
(2, 'moderator');

2020-05-08 18:57:24 INFO  ScriptRunner:49 - Executing: 
CREATE TABLE `user` (
  `user_id` bigint(11) NOT NULL AUTO_INCREMENT,
  `login` varchar(10) DEFAULT NULL,
  `password` varchar(150) DEFAULT NULL,
  `first_name` varchar(20) DEFAULT NULL,
  `last_name` varchar(20) DEFAULT NULL,
  `role_id` int(11) DEFAULT NULL,
  `picture` varchar(1200) DEFAULT NULL,
  `email` varchar(50) DEFAULT NULL,
  FOREIGN KEY (`role_id`) REFERENCES `role` (`role_id`) ON DELETE CASCADE,
  PRIMARY KEY (`user_id`),
  UNIQUE KEY `login` (`login`)
) ENGINE=InnoDB DEFAULT CHARSET=UTF8;

2020-05-08 18:57:24 INFO  ScriptRunner:49 - Executing: 
INSERT INTO `user` (`login`, `password`, `first_name`, `last_name`, `role_id`, `picture`, `email`) VALUES
('admin', '3ca9c4ab77a2deec98db4cf0803bee0ce2ccef10c1b0f872221f8e64da95f21632e263d0c8d5f15fe20daec58fb43a41ec13230abe2a12129d8ac43e15bc8734', 'Ivan', 'Ivanov', 0, NULL, 'vladbogun@gmail.com'),
('user1', '3ca9c4ab77a2deec98db4cf0803bee0ce2ccef10c1b0f872221f8e64da95f21632e263d0c8d5f15fe20daec58fb43a41ec13230abe2a12129d8ac43e15bc8734', 'Petr', 'Petrov', 1, NULL, 'vladbogun@gmail.com'),
('user2', '3ca9c4ab77a2deec98db4cf0803bee0ce2ccef10c1b0f872221f8e64da95f21632e263d0c8d5f15fe20daec58fb43a41ec13230abe2a12129d8ac43e15bc8734', 'Вячеслав', 'Соколов', 1, NULL, 'vladbogun@gmail.com'),
('user3', '3ca9c4ab77a2deec98db4cf0803bee0ce2ccef10c1b0f872221f8e64da95f21632e263d0c8d5f15fe20daec58fb43a41ec13230abe2a12129d8ac43e15bc8734', 'Светлана', 'Казакова', 1, NULL, 'vladbogun@gmail.com'),
('user4', '3ca9c4ab77a2deec98db4cf0803bee0ce2ccef10c1b0f872221f8e64da95f21632e263d0c8d5f15fe20daec58fb43a41ec13230abe2a12129d8ac43e15bc8734', 'Светлана', 'Казакова', 1, NULL, 'vladbogun@gmail.com'),
('user5', '3ca9c4ab77a2deec98db4cf0803bee0ce2ccef10c1b0f872221f8e64da95f21632e263d0c8d5f15fe20daec58fb43a41ec13230abe2a12129d8ac43e15bc8734', 'Карл', 'Шафранек', 1, NULL, 'vladbogun@gmail.com');

2020-05-08 18:57:25 INFO  ScriptRunner:49 - Executing: 
CREATE TABLE `device` (
  `device_id` bigint(12) ZEROFILL NOT NULL AUTO_INCREMENT,
  `phone` varchar(20) DEFAULT NULL,
  `temperature` int(10) DEFAULT NULL,
  `humidity` int(10) DEFAULT NULL,
  `last_date_time` DATETIME DEFAULT NULL,
  `user_id` bigint(11) NOT NULL,
  FOREIGN KEY (`user_id`) REFERENCES `user` (`user_id`) ON DELETE CASCADE,
  PRIMARY KEY (`device_id`)
) ENGINE=InnoDB DEFAULT CHARSET=UTF8;

2020-05-08 18:57:25 INFO  ScriptRunner:49 - Executing: 
INSERT INTO `device` (`user_id`) VALUES
(2),
(2),
(3),
(4),
(5),
(6),
(6),
(3),
(3),
(3),
(3);

2020-05-08 18:57:25 INFO  ScriptRunner:64 - Database initiating finished.
2020-05-08 18:57:26 INFO  LoginArduinoServlet:36 - Arduino no correct password or login
2020-05-08 18:57:27 INFO  LoginArduinoServlet:55 - Arduino loggined, user:  null
2020-05-08 18:57:37 INFO  LoginArduinoServlet:36 - Arduino no correct password or login
2020-05-08 18:57:38 INFO  LoginArduinoServlet:55 - Arduino loggined, user:  null
2020-05-09 12:17:54 INFO  LoginArduinoServlet:36 - Arduino no correct password or login
2020-05-09 12:18:15 ERROR UserDBManager:128 - Cannot obtain a user by its login
com.mysql.cj.jdbc.exceptions.CommunicationsException: Communications link failure

The last packet sent successfully to the server was 0 milliseconds ago. The driver has not received any packets from the server.
	at com.mysql.cj.jdbc.exceptions.SQLError.createCommunicationsException(SQLError.java:174)
	at com.mysql.cj.jdbc.exceptions.SQLExceptionsMapping.translateException(SQLExceptionsMapping.java:64)
	at com.mysql.cj.jdbc.ConnectionImpl.createNewIO(ConnectionImpl.java:827)
	at com.mysql.cj.jdbc.ConnectionImpl.<init>(ConnectionImpl.java:447)
	at com.mysql.cj.jdbc.ConnectionImpl.getInstance(ConnectionImpl.java:237)
	at com.mysql.cj.jdbc.NonRegisteringDriver.connect(NonRegisteringDriver.java:199)
	at java.sql.DriverManager.getConnection(DriverManager.java:664)
	at java.sql.DriverManager.getConnection(DriverManager.java:270)
	at main.java.ua.nure.bogun.apiproject.database.DBManager.getConnection(DBManager.java:24)
	at main.java.ua.nure.bogun.apiproject.database.UserDBManager.findUserByLogin(UserDBManager.java:118)
	at main.java.ua.nure.bogun.apiproject.service.databaseservice.UserService.getUserByLogin(UserService.java:30)
	at main.java.ua.nure.bogun.apiproject.service.UserLoginService.logining(UserLoginService.java:14)
	at main.java.ua.nure.bogun.apiproject.servlet.arduino.LoginArduinoServlet.doGet(LoginArduinoServlet.java:41)
	at javax.servlet.http.HttpServlet.service(HttpServlet.java:634)
	at javax.servlet.http.HttpServlet.service(HttpServlet.java:741)
	at org.apache.catalina.core.ApplicationFilterChain.internalDoFilter(ApplicationFilterChain.java:231)
	at org.apache.catalina.core.ApplicationFilterChain.doFilter(ApplicationFilterChain.java:166)
	at org.apache.tomcat.websocket.server.WsFilter.doFilter(WsFilter.java:53)
	at org.apache.catalina.core.ApplicationFilterChain.internalDoFilter(ApplicationFilterChain.java:193)
	at org.apache.catalina.core.ApplicationFilterChain.doFilter(ApplicationFilterChain.java:166)
	at org.apache.catalina.core.StandardWrapperValve.invoke(StandardWrapperValve.java:202)
	at org.apache.catalina.core.StandardContextValve.invoke(StandardContextValve.java:96)
	at org.apache.catalina.authenticator.AuthenticatorBase.invoke(AuthenticatorBase.java:526)
	at org.apache.catalina.core.StandardHostValve.invoke(StandardHostValve.java:139)
	at org.apache.catalina.valves.ErrorReportValve.invoke(ErrorReportValve.java:92)
	at org.apache.catalina.valves.AbstractAccessLogValve.invoke(AbstractAccessLogValve.java:678)
	at org.apache.catalina.core.StandardEngineValve.invoke(StandardEngineValve.java:74)
	at org.apache.catalina.connector.CoyoteAdapter.service(CoyoteAdapter.java:343)
	at org.apache.coyote.http11.Http11Processor.service(Http11Processor.java:408)
	at org.apache.coyote.AbstractProcessorLight.process(AbstractProcessorLight.java:66)
	at org.apache.coyote.AbstractProtocol$ConnectionHandler.process(AbstractProtocol.java:861)
	at org.apache.tomcat.util.net.NioEndpoint$SocketProcessor.doRun(NioEndpoint.java:1579)
	at org.apache.tomcat.util.net.SocketProcessorBase.run(SocketProcessorBase.java:49)
	at java.util.concurrent.ThreadPoolExecutor.runWorker(ThreadPoolExecutor.java:1149)
	at java.util.concurrent.ThreadPoolExecutor$Worker.run(ThreadPoolExecutor.java:624)
	at org.apache.tomcat.util.threads.TaskThread$WrappingRunnable.run(TaskThread.java:61)
	at java.lang.Thread.run(Thread.java:748)
Caused by: com.mysql.cj.exceptions.CJCommunicationsException: Communications link failure

The last packet sent successfully to the server was 0 milliseconds ago. The driver has not received any packets from the server.
	at sun.reflect.NativeConstructorAccessorImpl.newInstance0(Native Method)
	at sun.reflect.NativeConstructorAccessorImpl.newInstance(NativeConstructorAccessorImpl.java:62)
	at sun.reflect.DelegatingConstructorAccessorImpl.newInstance(DelegatingConstructorAccessorImpl.java:45)
	at java.lang.reflect.Constructor.newInstance(Constructor.java:423)
	at com.mysql.cj.exceptions.ExceptionFactory.createException(ExceptionFactory.java:61)
	at com.mysql.cj.exceptions.ExceptionFactory.createException(ExceptionFactory.java:105)
	at com.mysql.cj.exceptions.ExceptionFactory.createException(ExceptionFactory.java:151)
	at com.mysql.cj.exceptions.ExceptionFactory.createCommunicationsException(ExceptionFactory.java:167)
	at com.mysql.cj.protocol.a.NativeSocketConnection.connect(NativeSocketConnection.java:91)
	at com.mysql.cj.NativeSession.connect(NativeSession.java:150)
	at com.mysql.cj.jdbc.ConnectionImpl.connectOneTryOnly(ConnectionImpl.java:947)
	at com.mysql.cj.jdbc.ConnectionImpl.createNewIO(ConnectionImpl.java:817)
	... 34 more
Caused by: java.net.UnknownHostException: vladbogun.store: Временный сбой в разрешении имен
	at java.net.Inet6AddressImpl.lookupAllHostAddr(Native Method)
	at java.net.InetAddress$2.lookupAllHostAddr(InetAddress.java:929)
	at java.net.InetAddress.getAddressesFromNameService(InetAddress.java:1324)
	at java.net.InetAddress.getAllByName0(InetAddress.java:1277)
	at java.net.InetAddress.getAllByName(InetAddress.java:1193)
	at java.net.InetAddress.getAllByName(InetAddress.java:1127)
	at com.mysql.cj.protocol.StandardSocketFactory.connect(StandardSocketFactory.java:132)
	at com.mysql.cj.protocol.a.NativeSocketConnection.connect(NativeSocketConnection.java:65)
	... 37 more
2020-05-09 12:18:15 INFO  LoginArduinoServlet:55 - Arduino loggined, user:  null
