2020-04-28 16:34:08 INFO  InitListener:39 - Server started.
2020-04-28 16:34:12 INFO  ScriptRunner:27 - Database initiating started...
2020-04-28 16:34:12 INFO  ScriptRunner:49 - Executing: DROP TABLE IF EXISTS `device`;

2020-04-28 16:34:13 INFO  ScriptRunner:49 - Executing: 
DROP TABLE IF EXISTS `user`;

2020-04-28 16:34:13 INFO  ScriptRunner:49 - Executing: 
DROP TABLE IF EXISTS `role`;

2020-04-28 16:34:13 INFO  ScriptRunner:49 - Executing: 
CREATE TABLE `role` (
  `role_id` int(11) NOT NULL,
  `role_name` varchar(10) NOT NULL,
  PRIMARY KEY (`role_id`),
  UNIQUE KEY `role_name` (`role_name`)
) ENGINE=InnoDB DEFAULT CHARSET=latin1;

2020-04-28 16:34:14 INFO  ScriptRunner:49 - Executing: 
INSERT INTO `role` (`role_id`, `role_name`) VALUES
(0, 'admin'),
(1, 'client'),
(2, 'moderator');

2020-04-28 16:34:14 INFO  ScriptRunner:49 - Executing: 
CREATE TABLE `user` (
  `user_id` bigint(11) NOT NULL AUTO_INCREMENT,
  `login` varchar(10) DEFAULT NULL,
  `password` varchar(150) DEFAULT NULL,
  `first_name` varchar(20) DEFAULT NULL,
  `last_name` varchar(20) DEFAULT NULL,
  `role_id` int(11) DEFAULT NULL,
  `picture` varchar(1200) DEFAULT NULL,
  `email` varchar(50) DEFAULT NULL,
  FOREIGN KEY (`role_id`) REFERENCES `role` (`role_id`) ON DELETE CASCADE,
  PRIMARY KEY (`user_id`),
  UNIQUE KEY `login` (`login`)
) ENGINE=InnoDB DEFAULT CHARSET=UTF8;

2020-04-28 16:34:14 INFO  ScriptRunner:49 - Executing: 
INSERT INTO `user` (`login`, `password`, `first_name`, `last_name`, `role_id`, `picture`, `email`) VALUES
('admin', '3ca9c4ab77a2deec98db4cf0803bee0ce2ccef10c1b0f872221f8e64da95f21632e263d0c8d5f15fe20daec58fb43a41ec13230abe2a12129d8ac43e15bc8734', 'Ivan', 'Ivanov', 0, NULL, 'vladbogun@gmail.com'),
('user1', '3ca9c4ab77a2deec98db4cf0803bee0ce2ccef10c1b0f872221f8e64da95f21632e263d0c8d5f15fe20daec58fb43a41ec13230abe2a12129d8ac43e15bc8734', 'Petr', 'Petrov', 1, NULL, 'vladbogun@gmail.com'),
('user2', '3ca9c4ab77a2deec98db4cf0803bee0ce2ccef10c1b0f872221f8e64da95f21632e263d0c8d5f15fe20daec58fb43a41ec13230abe2a12129d8ac43e15bc8734', 'Вячеслав', 'Соколов', 1, NULL, 'vladbogun@gmail.com'),
('user3', '3ca9c4ab77a2deec98db4cf0803bee0ce2ccef10c1b0f872221f8e64da95f21632e263d0c8d5f15fe20daec58fb43a41ec13230abe2a12129d8ac43e15bc8734', 'Светлана', 'Казакова', 1, NULL, 'vladbogun@gmail.com'),
('user4', '3ca9c4ab77a2deec98db4cf0803bee0ce2ccef10c1b0f872221f8e64da95f21632e263d0c8d5f15fe20daec58fb43a41ec13230abe2a12129d8ac43e15bc8734', 'Светлана', 'Казакова', 1, NULL, 'vladbogun@gmail.com'),
('user5', '3ca9c4ab77a2deec98db4cf0803bee0ce2ccef10c1b0f872221f8e64d' ||
 'a95f21632e263d0c8d5f15fe20daec58fb43a41ec13230abe2a12129d8ac43e15bc8734', 'Карл', 'Шафранек', 1, NULL, 'vladbogun@gmail.com');

2020-04-28 16:34:15 ERROR ScriptRunner:56 - ===

INSERT INTO `user` (`login`, `password`, `first_name`, `last_name`, `role_id`, `picture`, `email`) VALUES
('admin', '3ca9c4ab77a2deec98db4cf0803bee0ce2ccef10c1b0f872221f8e64da95f21632e263d0c8d5f15fe20daec58fb43a41ec13230abe2a12129d8ac43e15bc8734', 'Ivan', 'Ivanov', 0, NULL, 'vladbogun@gmail.com'),
('user1', '3ca9c4ab77a2deec98db4cf0803bee0ce2ccef10c1b0f872221f8e64da95f21632e263d0c8d5f15fe20daec58fb43a41ec13230abe2a12129d8ac43e15bc8734', 'Petr', 'Petrov', 1, NULL, 'vladbogun@gmail.com'),
('user2', '3ca9c4ab77a2deec98db4cf0803bee0ce2ccef10c1b0f872221f8e64da95f21632e263d0c8d5f15fe20daec58fb43a41ec13230abe2a12129d8ac43e15bc8734', 'Вячеслав', 'Соколов', 1, NULL, 'vladbogun@gmail.com'),
('user3', '3ca9c4ab77a2deec98db4cf0803bee0ce2ccef10c1b0f872221f8e64da95f21632e263d0c8d5f15fe20daec58fb43a41ec13230abe2a12129d8ac43e15bc8734', 'Светлана', 'Казакова', 1, NULL, 'vladbogun@gmail.com'),
('user4', '3ca9c4ab77a2deec98db4cf0803bee0ce2ccef10c1b0f872221f8e64da95f21632e263d0c8d5f15fe20daec58fb43a41ec13230abe2a12129d8ac43e15bc8734', 'Светлана', 'Казакова', 1, NULL, 'vladbogun@gmail.com'),
('user5', '3ca9c4ab77a2deec98db4cf0803bee0ce2ccef10c1b0f872221f8e64d' ||
 'a95f21632e263d0c8d5f15fe20daec58fb43a41ec13230abe2a12129d8ac43e15bc8734', 'Карл', 'Шафранек', 1, NULL, 'vladbogun@gmail.com');
===
Database initiating error:
com.mysql.cj.jdbc.exceptions.MysqlDataTruncation: Data truncation: Truncated incorrect DOUBLE value: '3ca9c4ab77a2deec98db4cf0803bee0ce2ccef10c1b0f872221f8e64d'
	at com.mysql.cj.jdbc.exceptions.SQLExceptionsMapping.translateException(SQLExceptionsMapping.java:104)
	at com.mysql.cj.jdbc.StatementImpl.executeInternal(StatementImpl.java:764)
	at com.mysql.cj.jdbc.StatementImpl.execute(StatementImpl.java:648)
	at main.java.ua.nure.bogun.apiproject.database.ScriptRunner.run(ScriptRunner.java:52)
	at main.java.ua.nure.bogun.apiproject.database.DBManager.createDB(DBManager.java:48)
	at main.java.ua.nure.bogun.apiproject.servlet.InitListener.contextInitialized(InitListener.java:40)
	at org.apache.catalina.core.StandardContext.listenerStart(StandardContext.java:4685)
	at org.apache.catalina.core.StandardContext.startInternal(StandardContext.java:5146)
	at org.apache.catalina.util.LifecycleBase.start(LifecycleBase.java:183)
	at org.apache.catalina.core.ContainerBase.addChildInternal(ContainerBase.java:717)
	at org.apache.catalina.core.ContainerBase.addChild(ContainerBase.java:690)
	at org.apache.catalina.core.StandardHost.addChild(StandardHost.java:705)
	at org.apache.catalina.startup.HostConfig.manageApp(HostConfig.java:1728)
	at sun.reflect.NativeMethodAccessorImpl.invoke0(Native Method)
	at sun.reflect.NativeMethodAccessorImpl.invoke(NativeMethodAccessorImpl.java:62)
	at sun.reflect.DelegatingMethodAccessorImpl.invoke(DelegatingMethodAccessorImpl.java:43)
	at java.lang.reflect.Method.invoke(Method.java:498)
	at org.apache.tomcat.util.modeler.BaseModelMBean.invoke(BaseModelMBean.java:289)
	at com.sun.jmx.interceptor.DefaultMBeanServerInterceptor.invoke(DefaultMBeanServerInterceptor.java:819)
	at com.sun.jmx.mbeanserver.JmxMBeanServer.invoke(JmxMBeanServer.java:801)
	at org.apache.catalina.mbeans.MBeanFactory.createStandardContext(MBeanFactory.java:456)
	at org.apache.catalina.mbeans.MBeanFactory.createStandardContext(MBeanFactory.java:405)
	at sun.reflect.NativeMethodAccessorImpl.invoke0(Native Method)
	at sun.reflect.NativeMethodAccessorImpl.invoke(NativeMethodAccessorImpl.java:62)
	at sun.reflect.DelegatingMethodAccessorImpl.invoke(DelegatingMethodAccessorImpl.java:43)
	at java.lang.reflect.Method.invoke(Method.java:498)
	at org.apache.tomcat.util.modeler.BaseModelMBean.invoke(BaseModelMBean.java:289)
	at com.sun.jmx.interceptor.DefaultMBeanServerInterceptor.invoke(DefaultMBeanServerInterceptor.java:819)
	at com.sun.jmx.mbeanserver.JmxMBeanServer.invoke(JmxMBeanServer.java:801)
	at com.sun.jmx.remote.security.MBeanServerAccessController.invoke(MBeanServerAccessController.java:468)
	at javax.management.remote.rmi.RMIConnectionImpl.doOperation(RMIConnectionImpl.java:1468)
	at javax.management.remote.rmi.RMIConnectionImpl.access$300(RMIConnectionImpl.java:76)
	at javax.management.remote.rmi.RMIConnectionImpl$PrivilegedOperation.run(RMIConnectionImpl.java:1309)
	at java.security.AccessController.doPrivileged(Native Method)
	at javax.management.remote.rmi.RMIConnectionImpl.doPrivilegedOperation(RMIConnectionImpl.java:1408)
	at javax.management.remote.rmi.RMIConnectionImpl.invoke(RMIConnectionImpl.java:829)
	at sun.reflect.NativeMethodAccessorImpl.invoke0(Native Method)
	at sun.reflect.NativeMethodAccessorImpl.invoke(NativeMethodAccessorImpl.java:62)
	at sun.reflect.DelegatingMethodAccessorImpl.invoke(DelegatingMethodAccessorImpl.java:43)
	at java.lang.reflect.Method.invoke(Method.java:498)
	at sun.rmi.server.UnicastServerRef.dispatch(UnicastServerRef.java:357)
	at sun.rmi.transport.Transport$1.run(Transport.java:200)
	at sun.rmi.transport.Transport$1.run(Transport.java:197)
	at java.security.AccessController.doPrivileged(Native Method)
	at sun.rmi.transport.Transport.serviceCall(Transport.java:196)
	at sun.rmi.transport.tcp.TCPTransport.handleMessages(TCPTransport.java:573)
	at sun.rmi.transport.tcp.TCPTransport$ConnectionHandler.run0(TCPTransport.java:834)
	at sun.rmi.transport.tcp.TCPTransport$ConnectionHandler.lambda$run$0(TCPTransport.java:688)
	at java.security.AccessController.doPrivileged(Native Method)
	at sun.rmi.transport.tcp.TCPTransport$ConnectionHandler.run(TCPTransport.java:687)
	at java.util.concurrent.ThreadPoolExecutor.runWorker(ThreadPoolExecutor.java:1149)
	at java.util.concurrent.ThreadPoolExecutor$Worker.run(ThreadPoolExecutor.java:624)
	at java.lang.Thread.run(Thread.java:748)
2020-04-28 16:34:15 INFO  ScriptRunner:49 - Executing: 
CREATE TABLE `device` (
  `device_id` bigint(12) ZEROFILL NOT NULL AUTO_INCREMENT,
  `phone` varchar(10) DEFAULT NULL,
  `temperature` int(10) DEFAULT NULL,
  `humidity` int(10) DEFAULT NULL,
  `last_date_time` DATETIME DEFAULT NULL,
  `user_id` int(11) NOT NULL,
  FOREIGN KEY (`user_id`) REFERENCES `user` (`user_id`) ON DELETE CASCADE,
  PRIMARY KEY (`device_id`)
) ENGINE=InnoDB DEFAULT CHARSET=UTF8;

2020-04-28 16:34:15 ERROR ScriptRunner:56 - ===

CREATE TABLE `device` (
  `device_id` bigint(12) ZEROFILL NOT NULL AUTO_INCREMENT,
  `phone` varchar(10) DEFAULT NULL,
  `temperature` int(10) DEFAULT NULL,
  `humidity` int(10) DEFAULT NULL,
  `last_date_time` DATETIME DEFAULT NULL,
  `user_id` int(11) NOT NULL,
  FOREIGN KEY (`user_id`) REFERENCES `user` (`user_id`) ON DELETE CASCADE,
  PRIMARY KEY (`device_id`)
) ENGINE=InnoDB DEFAULT CHARSET=UTF8;
===
Database initiating error:
java.sql.SQLException: Cannot add foreign key constraint
	at com.mysql.cj.jdbc.exceptions.SQLError.createSQLException(SQLError.java:129)
	at com.mysql.cj.jdbc.exceptions.SQLError.createSQLException(SQLError.java:97)
	at com.mysql.cj.jdbc.exceptions.SQLExceptionsMapping.translateException(SQLExceptionsMapping.java:122)
	at com.mysql.cj.jdbc.StatementImpl.executeInternal(StatementImpl.java:764)
	at com.mysql.cj.jdbc.StatementImpl.execute(StatementImpl.java:648)
	at main.java.ua.nure.bogun.apiproject.database.ScriptRunner.run(ScriptRunner.java:52)
	at main.java.ua.nure.bogun.apiproject.database.DBManager.createDB(DBManager.java:48)
	at main.java.ua.nure.bogun.apiproject.servlet.InitListener.contextInitialized(InitListener.java:40)
	at org.apache.catalina.core.StandardContext.listenerStart(StandardContext.java:4685)
	at org.apache.catalina.core.StandardContext.startInternal(StandardContext.java:5146)
	at org.apache.catalina.util.LifecycleBase.start(LifecycleBase.java:183)
	at org.apache.catalina.core.ContainerBase.addChildInternal(ContainerBase.java:717)
	at org.apache.catalina.core.ContainerBase.addChild(ContainerBase.java:690)
	at org.apache.catalina.core.StandardHost.addChild(StandardHost.java:705)
	at org.apache.catalina.startup.HostConfig.manageApp(HostConfig.java:1728)
	at sun.reflect.NativeMethodAccessorImpl.invoke0(Native Method)
	at sun.reflect.NativeMethodAccessorImpl.invoke(NativeMethodAccessorImpl.java:62)
	at sun.reflect.DelegatingMethodAccessorImpl.invoke(DelegatingMethodAccessorImpl.java:43)
	at java.lang.reflect.Method.invoke(Method.java:498)
	at org.apache.tomcat.util.modeler.BaseModelMBean.invoke(BaseModelMBean.java:289)
	at com.sun.jmx.interceptor.DefaultMBeanServerInterceptor.invoke(DefaultMBeanServerInterceptor.java:819)
	at com.sun.jmx.mbeanserver.JmxMBeanServer.invoke(JmxMBeanServer.java:801)
	at org.apache.catalina.mbeans.MBeanFactory.createStandardContext(MBeanFactory.java:456)
	at org.apache.catalina.mbeans.MBeanFactory.createStandardContext(MBeanFactory.java:405)
	at sun.reflect.NativeMethodAccessorImpl.invoke0(Native Method)
	at sun.reflect.NativeMethodAccessorImpl.invoke(NativeMethodAccessorImpl.java:62)
	at sun.reflect.DelegatingMethodAccessorImpl.invoke(DelegatingMethodAccessorImpl.java:43)
	at java.lang.reflect.Method.invoke(Method.java:498)
	at org.apache.tomcat.util.modeler.BaseModelMBean.invoke(BaseModelMBean.java:289)
	at com.sun.jmx.interceptor.DefaultMBeanServerInterceptor.invoke(DefaultMBeanServerInterceptor.java:819)
	at com.sun.jmx.mbeanserver.JmxMBeanServer.invoke(JmxMBeanServer.java:801)
	at com.sun.jmx.remote.security.MBeanServerAccessController.invoke(MBeanServerAccessController.java:468)
	at javax.management.remote.rmi.RMIConnectionImpl.doOperation(RMIConnectionImpl.java:1468)
	at javax.management.remote.rmi.RMIConnectionImpl.access$300(RMIConnectionImpl.java:76)
	at javax.management.remote.rmi.RMIConnectionImpl$PrivilegedOperation.run(RMIConnectionImpl.java:1309)
	at java.security.AccessController.doPrivileged(Native Method)
	at javax.management.remote.rmi.RMIConnectionImpl.doPrivilegedOperation(RMIConnectionImpl.java:1408)
	at javax.management.remote.rmi.RMIConnectionImpl.invoke(RMIConnectionImpl.java:829)
	at sun.reflect.NativeMethodAccessorImpl.invoke0(Native Method)
	at sun.reflect.NativeMethodAccessorImpl.invoke(NativeMethodAccessorImpl.java:62)
	at sun.reflect.DelegatingMethodAccessorImpl.invoke(DelegatingMethodAccessorImpl.java:43)
	at java.lang.reflect.Method.invoke(Method.java:498)
	at sun.rmi.server.UnicastServerRef.dispatch(UnicastServerRef.java:357)
	at sun.rmi.transport.Transport$1.run(Transport.java:200)
	at sun.rmi.transport.Transport$1.run(Transport.java:197)
	at java.security.AccessController.doPrivileged(Native Method)
	at sun.rmi.transport.Transport.serviceCall(Transport.java:196)
	at sun.rmi.transport.tcp.TCPTransport.handleMessages(TCPTransport.java:573)
	at sun.rmi.transport.tcp.TCPTransport$ConnectionHandler.run0(TCPTransport.java:834)
	at sun.rmi.transport.tcp.TCPTransport$ConnectionHandler.lambda$run$0(TCPTransport.java:688)
	at java.security.AccessController.doPrivileged(Native Method)
	at sun.rmi.transport.tcp.TCPTransport$ConnectionHandler.run(TCPTransport.java:687)
	at java.util.concurrent.ThreadPoolExecutor.runWorker(ThreadPoolExecutor.java:1149)
	at java.util.concurrent.ThreadPoolExecutor$Worker.run(ThreadPoolExecutor.java:624)
	at java.lang.Thread.run(Thread.java:748)
2020-04-28 16:34:15 INFO  ScriptRunner:49 - Executing: 
INSERT INTO `device` (`user_id`) VALUES
(2),
(2),
(3),
(4),
(5),
(6),
(6),
(3),
(3),
(3),
(3);

2020-04-28 16:34:15 ERROR ScriptRunner:56 - ===

INSERT INTO `device` (`user_id`) VALUES
(2),
(2),
(3),
(4),
(5),
(6),
(6),
(3),
(3),
(3),
(3);
===
Database initiating error:
java.sql.SQLSyntaxErrorException: Table 'java_iotubator.device' doesn't exist
	at com.mysql.cj.jdbc.exceptions.SQLError.createSQLException(SQLError.java:120)
	at com.mysql.cj.jdbc.exceptions.SQLError.createSQLException(SQLError.java:97)
	at com.mysql.cj.jdbc.exceptions.SQLExceptionsMapping.translateException(SQLExceptionsMapping.java:122)
	at com.mysql.cj.jdbc.StatementImpl.executeInternal(StatementImpl.java:764)
	at com.mysql.cj.jdbc.StatementImpl.execute(StatementImpl.java:648)
	at main.java.ua.nure.bogun.apiproject.database.ScriptRunner.run(ScriptRunner.java:52)
	at main.java.ua.nure.bogun.apiproject.database.DBManager.createDB(DBManager.java:48)
	at main.java.ua.nure.bogun.apiproject.servlet.InitListener.contextInitialized(InitListener.java:40)
	at org.apache.catalina.core.StandardContext.listenerStart(StandardContext.java:4685)
	at org.apache.catalina.core.StandardContext.startInternal(StandardContext.java:5146)
	at org.apache.catalina.util.LifecycleBase.start(LifecycleBase.java:183)
	at org.apache.catalina.core.ContainerBase.addChildInternal(ContainerBase.java:717)
	at org.apache.catalina.core.ContainerBase.addChild(ContainerBase.java:690)
	at org.apache.catalina.core.StandardHost.addChild(StandardHost.java:705)
	at org.apache.catalina.startup.HostConfig.manageApp(HostConfig.java:1728)
	at sun.reflect.NativeMethodAccessorImpl.invoke0(Native Method)
	at sun.reflect.NativeMethodAccessorImpl.invoke(NativeMethodAccessorImpl.java:62)
	at sun.reflect.DelegatingMethodAccessorImpl.invoke(DelegatingMethodAccessorImpl.java:43)
	at java.lang.reflect.Method.invoke(Method.java:498)
	at org.apache.tomcat.util.modeler.BaseModelMBean.invoke(BaseModelMBean.java:289)
	at com.sun.jmx.interceptor.DefaultMBeanServerInterceptor.invoke(DefaultMBeanServerInterceptor.java:819)
	at com.sun.jmx.mbeanserver.JmxMBeanServer.invoke(JmxMBeanServer.java:801)
	at org.apache.catalina.mbeans.MBeanFactory.createStandardContext(MBeanFactory.java:456)
	at org.apache.catalina.mbeans.MBeanFactory.createStandardContext(MBeanFactory.java:405)
	at sun.reflect.NativeMethodAccessorImpl.invoke0(Native Method)
	at sun.reflect.NativeMethodAccessorImpl.invoke(NativeMethodAccessorImpl.java:62)
	at sun.reflect.DelegatingMethodAccessorImpl.invoke(DelegatingMethodAccessorImpl.java:43)
	at java.lang.reflect.Method.invoke(Method.java:498)
	at org.apache.tomcat.util.modeler.BaseModelMBean.invoke(BaseModelMBean.java:289)
	at com.sun.jmx.interceptor.DefaultMBeanServerInterceptor.invoke(DefaultMBeanServerInterceptor.java:819)
	at com.sun.jmx.mbeanserver.JmxMBeanServer.invoke(JmxMBeanServer.java:801)
	at com.sun.jmx.remote.security.MBeanServerAccessController.invoke(MBeanServerAccessController.java:468)
	at javax.management.remote.rmi.RMIConnectionImpl.doOperation(RMIConnectionImpl.java:1468)
	at javax.management.remote.rmi.RMIConnectionImpl.access$300(RMIConnectionImpl.java:76)
	at javax.management.remote.rmi.RMIConnectionImpl$PrivilegedOperation.run(RMIConnectionImpl.java:1309)
	at java.security.AccessController.doPrivileged(Native Method)
	at javax.management.remote.rmi.RMIConnectionImpl.doPrivilegedOperation(RMIConnectionImpl.java:1408)
	at javax.management.remote.rmi.RMIConnectionImpl.invoke(RMIConnectionImpl.java:829)
	at sun.reflect.NativeMethodAccessorImpl.invoke0(Native Method)
	at sun.reflect.NativeMethodAccessorImpl.invoke(NativeMethodAccessorImpl.java:62)
	at sun.reflect.DelegatingMethodAccessorImpl.invoke(DelegatingMethodAccessorImpl.java:43)
	at java.lang.reflect.Method.invoke(Method.java:498)
	at sun.rmi.server.UnicastServerRef.dispatch(UnicastServerRef.java:357)
	at sun.rmi.transport.Transport$1.run(Transport.java:200)
	at sun.rmi.transport.Transport$1.run(Transport.java:197)
	at java.security.AccessController.doPrivileged(Native Method)
	at sun.rmi.transport.Transport.serviceCall(Transport.java:196)
	at sun.rmi.transport.tcp.TCPTransport.handleMessages(TCPTransport.java:573)
	at sun.rmi.transport.tcp.TCPTransport$ConnectionHandler.run0(TCPTransport.java:834)
	at sun.rmi.transport.tcp.TCPTransport$ConnectionHandler.lambda$run$0(TCPTransport.java:688)
	at java.security.AccessController.doPrivileged(Native Method)
	at sun.rmi.transport.tcp.TCPTransport$ConnectionHandler.run(TCPTransport.java:687)
	at java.util.concurrent.ThreadPoolExecutor.runWorker(ThreadPoolExecutor.java:1149)
	at java.util.concurrent.ThreadPoolExecutor$Worker.run(ThreadPoolExecutor.java:624)
	at java.lang.Thread.run(Thread.java:748)
2020-04-28 16:34:15 INFO  ScriptRunner:64 - Database initiating finished.
